<?xml version="1.0" encoding="UTF-8"?>
<testng-results skipped="0" failed="0" total="3" passed="3">
  <reporter-output>
    <line>
      <![CDATA[========= Comparing GOOG and NFLX =========<br/>]]>
    </line>
    <line>
      <![CDATA[GOOG's current price is 1094.43<br/>]]>
    </line>
    <line>
      <![CDATA[The 52 week high is 1273.89<br/>]]>
    </line>
    <line>
      <![CDATA[The 52 week low is 980.64<br/>]]>
    </line>
    <line>
      <![CDATA[Today’s price of 1094.43 is 14% lower than the 52 week high and 12% higher than the 52 week low.<br/>]]>
    </line>
    <line>
      <![CDATA[GOOG has an EPS of 26.65.<br/>]]>
    </line>
    <line>
      <![CDATA[NFLX has an EPS of 2.8.<br/>]]>
    </line>
    <line>
      <![CDATA[GOOG has higher EPS<br/>]]>
    </line>
    <line>
      <![CDATA[========= Comparing AAPL and TSLA =========<br/>]]>
    </line>
    <line>
      <![CDATA[AAPL's current price is 178.58<br/>]]>
    </line>
    <line>
      <![CDATA[The 52 week high is 233.47<br/>]]>
    </line>
    <line>
      <![CDATA[The 52 week low is 150.24<br/>]]>
    </line>
    <line>
      <![CDATA[Today’s price of 178.58 is 24% lower than the 52 week high and 19% higher than the 52 week low.<br/>]]>
    </line>
    <line>
      <![CDATA[AAPL has an EPS of 11.91.<br/>]]>
    </line>
    <line>
      <![CDATA[TSLA has an EPS of -10.56.<br/>]]>
    </line>
    <line>
      <![CDATA[AAPL has higher EPS<br/>]]>
    </line>
    <line>
      <![CDATA[========= Comparing COF and BAC =========<br/>]]>
    </line>
    <line>
      <![CDATA[COF's current price is 89.68<br/>]]>
    </line>
    <line>
      <![CDATA[The 52 week high is 106.5<br/>]]>
    </line>
    <line>
      <![CDATA[The 52 week low is 84.94<br/>]]>
    </line>
    <line>
      <![CDATA[Today’s price of 89.68 is 16% lower than the 52 week high and 6% higher than the 52 week low.<br/>]]>
    </line>
    <line>
      <![CDATA[COF has an EPS of 7.16.<br/>]]>
    </line>
    <line>
      <![CDATA[BAC has an EPS of 17.03.<br/>]]>
    </line>
    <line>
      <![CDATA[BAC has higher EPS<br/>]]>
    </line>
  </reporter-output>
  <suite name="Default Suite" duration-ms="130670" started-at="2018-12-03T02:08:58Z" finished-at="2018-12-03T02:11:09Z">
    <groups>
      <group name="Cucumber">
        <method signature="TestRunner.scenario(cucumber.api.testng.PickleEventWrapper, cucumber.api.testng.CucumberFeatureWrapper)[pri:0, instance:tests.TestRunner@6debcae2]" name="scenario" class="tests.TestRunner"/>
      </group> <!-- Cucumber -->
    </groups>
    <test name="stockparser" duration-ms="130670" started-at="2018-12-03T02:08:58Z" finished-at="2018-12-03T02:11:09Z">
      <class name="tests.TestRunner">
        <test-method status="PASS" signature="setUpClass()[pri:0, instance:tests.TestRunner@6debcae2]" name="setUpClass" is-config="true" duration-ms="3879" started-at="2018-12-02T21:08:58Z" finished-at="2018-12-02T21:09:02Z">
          <reporter-output>
          </reporter-output>
        </test-method> <!-- setUpClass -->
        <test-method status="PASS" signature="scenario(cucumber.api.testng.PickleEventWrapper, cucumber.api.testng.CucumberFeatureWrapper)[pri:0, instance:tests.TestRunner@6debcae2]" name="scenario" duration-ms="49629" started-at="2018-12-02T21:09:02Z" description="Runs Cucumber Feature" data-provider="scenarios" finished-at="2018-12-02T21:09:52Z">
          <params>
            <param index="0">
              <value>
                <![CDATA["Comparing two stocks"]]>
              </value>
            </param>
            <param index="1">
              <value>
                <![CDATA["Stock Price Parsing"]]>
              </value>
            </param>
          </params>
          <reporter-output>
            <line>
              <![CDATA[========= Comparing GOOG and NFLX =========<br/>]]>
            </line>
            <line>
              <![CDATA[GOOG's current price is 1094.43<br/>]]>
            </line>
            <line>
              <![CDATA[The 52 week high is 1273.89<br/>]]>
            </line>
            <line>
              <![CDATA[The 52 week low is 980.64<br/>]]>
            </line>
            <line>
              <![CDATA[Today’s price of 1094.43 is 14% lower than the 52 week high and 12% higher than the 52 week low.<br/>]]>
            </line>
            <line>
              <![CDATA[GOOG has an EPS of 26.65.<br/>]]>
            </line>
            <line>
              <![CDATA[NFLX has an EPS of 2.8.<br/>]]>
            </line>
            <line>
              <![CDATA[GOOG has higher EPS<br/>]]>
            </line>
          </reporter-output>
        </test-method> <!-- scenario -->
        <test-method status="PASS" signature="scenario(cucumber.api.testng.PickleEventWrapper, cucumber.api.testng.CucumberFeatureWrapper)[pri:0, instance:tests.TestRunner@6debcae2]" name="scenario" duration-ms="39186" started-at="2018-12-02T21:09:52Z" description="Runs Cucumber Feature" data-provider="scenarios" finished-at="2018-12-02T21:10:31Z">
          <params>
            <param index="0">
              <value>
                <![CDATA["Comparing two stocks"]]>
              </value>
            </param>
            <param index="1">
              <value>
                <![CDATA["Stock Price Parsing"]]>
              </value>
            </param>
          </params>
          <reporter-output>
            <line>
              <![CDATA[========= Comparing AAPL and TSLA =========<br/>]]>
            </line>
            <line>
              <![CDATA[AAPL's current price is 178.58<br/>]]>
            </line>
            <line>
              <![CDATA[The 52 week high is 233.47<br/>]]>
            </line>
            <line>
              <![CDATA[The 52 week low is 150.24<br/>]]>
            </line>
            <line>
              <![CDATA[Today’s price of 178.58 is 24% lower than the 52 week high and 19% higher than the 52 week low.<br/>]]>
            </line>
            <line>
              <![CDATA[AAPL has an EPS of 11.91.<br/>]]>
            </line>
            <line>
              <![CDATA[TSLA has an EPS of -10.56.<br/>]]>
            </line>
            <line>
              <![CDATA[AAPL has higher EPS<br/>]]>
            </line>
          </reporter-output>
        </test-method> <!-- scenario -->
        <test-method status="PASS" signature="scenario(cucumber.api.testng.PickleEventWrapper, cucumber.api.testng.CucumberFeatureWrapper)[pri:0, instance:tests.TestRunner@6debcae2]" name="scenario" duration-ms="37046" started-at="2018-12-02T21:10:31Z" description="Runs Cucumber Feature" data-provider="scenarios" finished-at="2018-12-02T21:11:08Z">
          <params>
            <param index="0">
              <value>
                <![CDATA["Comparing two stocks"]]>
              </value>
            </param>
            <param index="1">
              <value>
                <![CDATA["Stock Price Parsing"]]>
              </value>
            </param>
          </params>
          <reporter-output>
            <line>
              <![CDATA[========= Comparing COF and BAC =========<br/>]]>
            </line>
            <line>
              <![CDATA[COF's current price is 89.68<br/>]]>
            </line>
            <line>
              <![CDATA[The 52 week high is 106.5<br/>]]>
            </line>
            <line>
              <![CDATA[The 52 week low is 84.94<br/>]]>
            </line>
            <line>
              <![CDATA[Today’s price of 89.68 is 16% lower than the 52 week high and 6% higher than the 52 week low.<br/>]]>
            </line>
            <line>
              <![CDATA[COF has an EPS of 7.16.<br/>]]>
            </line>
            <line>
              <![CDATA[BAC has an EPS of 17.03.<br/>]]>
            </line>
            <line>
              <![CDATA[BAC has higher EPS<br/>]]>
            </line>
          </reporter-output>
        </test-method> <!-- scenario -->
        <test-method status="PASS" signature="tearDownClass()[pri:0, instance:tests.TestRunner@6debcae2]" name="tearDownClass" is-config="true" duration-ms="870" started-at="2018-12-02T21:11:08Z" finished-at="2018-12-02T21:11:09Z">
          <reporter-output>
          </reporter-output>
        </test-method> <!-- tearDownClass -->
      </class> <!-- tests.TestRunner -->
    </test> <!-- stockparser -->
  </suite> <!-- Default Suite -->
</testng-results>
